Building DAG of jobs...
Using shell: /usr/bin/bash
Provided cores: 1 (use --cores to define parallelism)
Rules claiming more threads will be scaled down.
Job stats:
job                 count    min threads    max threads
----------------  -------  -------------  -------------
all                     1              1              1
msa_clustalo_ebi        1              1              1
total                   2              1              1

Select jobs to execute...

[Thu Apr 27 20:13:43 2023]
rule msa_clustalo_ebi:
    input: data/COG5002_members_1762.faa
    output: results/clustalo_COG5002_members_1762.log
    jobid: 1
    reason: Missing output files: results/clustalo_COG5002_members_1762.log
    wildcards: fasta_seqs=COG5002_members_1762
    resources: tmpdir=/tmp

[Thu Apr 27 20:14:14 2023]
Finished job 1.
1 of 2 steps (50%) done
Select jobs to execute...

[Thu Apr 27 20:14:14 2023]
localrule all:
    input: results/clustalo_COG5002_members_1762.log
    jobid: 0
    reason: Input files updated by another job: results/clustalo_COG5002_members_1762.log
    resources: tmpdir=/tmp

[Thu Apr 27 20:14:14 2023]
Finished job 0.
2 of 2 steps (100%) done
Complete log: .snakemake/log/2023-04-27T201342.574967.snakemake.log
